[debug] [2023-03-26T12:32:32.800Z] ----------------------------------------------------------------------
[debug] [2023-03-26T12:32:32.802Z] Command:       C:\Program Files\nodejs\node.exe C:\Program Files\nodejs\node_modules\firebase-tools\lib\bin\firebase.js init
[debug] [2023-03-26T12:32:32.803Z] CLI Version:   11.25.1
[debug] [2023-03-26T12:32:32.803Z] Platform:      win32
[debug] [2023-03-26T12:32:32.803Z] Node Version:  v16.19.0
[debug] [2023-03-26T12:32:32.804Z] Time:          Sun Mar 26 2023 14:32:32 GMT+0200 (heure d’été d’Europe centrale)
[debug] [2023-03-26T12:32:32.804Z] ----------------------------------------------------------------------
[debug] 
[debug] [2023-03-26T12:32:32.810Z] > command requires scopes: ["email","openid","https://www.googleapis.com/auth/cloudplatformprojects.readonly","https://www.googleapis.com/auth/firebase","https://www.googleapis.com/auth/cloud-platform"]
[debug] [2023-03-26T12:32:32.811Z] > authorizing via signed-in user (alexandre.bidaux78@gmail.com)
[info] 
     ######## #### ########  ######## ########     ###     ######  ########
     ##        ##  ##     ## ##       ##     ##  ##   ##  ##       ##
     ######    ##  ########  ######   ########  #########  ######  ######
     ##        ##  ##    ##  ##       ##     ## ##     ##       ## ##
     ##       #### ##     ## ######## ########  ##     ##  ######  ########

You're about to initialize a Firebase project in this directory:

  C:\Users\alexa\Documents\Projets\Portfolio\angular-pfp-showcase

[info] 
=== Project Setup
[info] 
[info] First, let's associate this project directory with a Firebase project.
[info] You can create multiple project aliases by running firebase use --add, 
[info] but for now we'll just set up a default project.
[info] 
[debug] [2023-03-26T12:33:19.132Z] >>> [apiv2][query] GET https://firebase.googleapis.com/v1beta1/projects pageSize=100
[debug] [2023-03-26T12:33:19.593Z] <<< [apiv2][status] GET https://firebase.googleapis.com/v1beta1/projects 200
[debug] [2023-03-26T12:33:19.593Z] <<< [apiv2][body] GET https://firebase.googleapis.com/v1beta1/projects [omitted]
[info] i  Using project test-db-d8c0e (test-db) 
[info] 
=== Hosting Setup
[info] 
[info] Your public directory is the folder (relative to your project directory) that
[info] will contain Hosting assets to be uploaded with firebase deploy. If you
[info] have a build process for your assets, use your build's output directory.
[info] 
[debug] [2023-03-26T12:33:57.770Z] >>> [apiv2][query] GET https://www.gstatic.com/firebasejs/releases.json [none]
[debug] [2023-03-26T12:33:57.820Z] <<< [apiv2][status] GET https://www.gstatic.com/firebasejs/releases.json 200
[debug] [2023-03-26T12:33:57.821Z] <<< [apiv2][body] GET https://www.gstatic.com/firebasejs/releases.json {"current":{"version":"9.18.0","browserURL":"https://www.gstatic.com/firebasejs/9.18.0/firebase.js","packageURL":"https://www.gstatic.com/firebasejs/9.18.0/firebase.tgz"},"live":{"version":"9.18","browserURL":"https://www.gstatic.com/firebasejs/live/9.18/firebase.js","packageURL":"https://www.gstatic.com/firebasejs/live/9.18/firebase.tgz"},"components":{"analytics":"https://www.gstatic.com/firebasejs/9.18.0/firebase-analytics.js","app":"https://www.gstatic.com/firebasejs/9.18.0/firebase-app.js","app-check":"https://www.gstatic.com/firebasejs/9.18.0/firebase-app-check.js","auth":"https://www.gstatic.com/firebasejs/9.18.0/firebase-auth.js","auth/cordova":"https://www.gstatic.com/firebasejs/9.18.0/firebase-auth/cordova.js","auth/react-native":"https://www.gstatic.com/firebasejs/9.18.0/firebase-auth/react-native.js","functions":"https://www.gstatic.com/firebasejs/9.18.0/firebase-functions.js","firestore":"https://www.gstatic.com/firebasejs/9.18.0/firebase-firestore.js","firestore/lite":"https://www.gstatic.com/firebasejs/9.18.0/firebase-firestore/lite.js","installations":"https://www.gstatic.com/firebasejs/9.18.0/firebase-installations.js","storage":"https://www.gstatic.com/firebasejs/9.18.0/firebase-storage.js","performance":"https://www.gstatic.com/firebasejs/9.18.0/firebase-performance.js","remote-config":"https://www.gstatic.com/firebasejs/9.18.0/firebase-remote-config.js","messaging":"https://www.gstatic.com/firebasejs/9.18.0/firebase-messaging.js","messaging/sw":"https://www.gstatic.com/firebasejs/9.18.0/firebase-messaging/sw.js","database":"https://www.gstatic.com/firebasejs/9.18.0/firebase-database.js","firestore.memory":"https://www.gstatic.com/firebasejs/9.18.0/firebase-firestore.memory.js"}}
[info] +  Wrote main/index.html 
[info] 
[info] i  Didn't detect a .git folder. Assuming C:\Users\alexa\Documents\Projets\Portfolio\angular-pfp-showcase is the project root. 
[info] i  Authorizing with GitHub to upload your service account to a GitHub repository's secrets store. 
[info] 
[info] Visit this URL on this device to log in:
[info] https://github.com/login/oauth/authorize?client_id=89cf50f02ac6aaed3484&state=854484547&redirect_uri=http%3A%2F%2Flocalhost%3A9005&scope=read%3Auser%20repo%20public_repo
[info] 
[info] Waiting for authentication...
[debug] [2023-03-26T12:34:27.762Z] >>> [apiv2][query] POST https://github.com/login/oauth/access_token [none]
[debug] [2023-03-26T12:34:27.762Z] >>> [apiv2][body] POST https://github.com/login/oauth/access_token [stream]
[debug] [2023-03-26T12:34:28.043Z] <<< [apiv2][status] POST https://github.com/login/oauth/access_token 200
[debug] [2023-03-26T12:34:28.044Z] <<< [apiv2][body] POST https://github.com/login/oauth/access_token {"access_token":"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","token_type":"bearer","scope":"read:user,repo"}
[debug] [2023-03-26T12:34:28.064Z] >>> [apiv2][query] GET https://api.github.com/user [none]
[debug] [2023-03-26T12:34:28.339Z] <<< [apiv2][status] GET https://api.github.com/user 200
[debug] [2023-03-26T12:34:28.339Z] <<< [apiv2][body] GET https://api.github.com/user {"login":"StutenEXE","id":113607915,"node_id":"U_kgDOBsWE6w","avatar_url":"https://avatars.githubusercontent.com/u/113607915?v=4","gravatar_id":"","url":"https://api.github.com/users/StutenEXE","html_url":"https://github.com/StutenEXE","followers_url":"https://api.github.com/users/StutenEXE/followers","following_url":"https://api.github.com/users/StutenEXE/following{/other_user}","gists_url":"https://api.github.com/users/StutenEXE/gists{/gist_id}","starred_url":"https://api.github.com/users/StutenEXE/starred{/owner}{/repo}","subscriptions_url":"https://api.github.com/users/StutenEXE/subscriptions","organizations_url":"https://api.github.com/users/StutenEXE/orgs","repos_url":"https://api.github.com/users/StutenEXE/repos","events_url":"https://api.github.com/users/StutenEXE/events{/privacy}","received_events_url":"https://api.github.com/users/StutenEXE/received_events","type":"User","site_admin":false,"name":"Alexandre BIDAUX","company":null,"blog":"","location":null,"email":null,"hireable":null,"bio":null,"twitter_username":null,"public_repos":5,"public_gists":0,"followers":2,"following":3,"created_at":"2022-09-15T12:47:43Z","updated_at":"2023-03-13T20:33:47Z","private_gists":0,"total_private_repos":1,"owned_private_repos":1,"disk_usage":3924,"collaborators":6,"two_factor_authentication":false,"plan":{"name":"free","space":976562499,"collaborators":0,"private_repos":10000}}
[info] 
[info] +  Success! Logged into GitHub as StutenEXE 
[info] 
